==REBUILD IMAGE WITH ABI FIXES BAKED IN== 
 Image neogma:latest Building 
#1 [internal] load local bake definitions
#1 reading from stdin 626B done
#1 DONE 0.0s

#2 [internal] load build definition from Dockerfile
#2 transferring dockerfile: 3.85kB done
#2 DONE 0.0s

#3 [auth] library/python:pull token for registry-1.docker.io
#3 DONE 0.0s

#4 [internal] load metadata for docker.io/library/python:3.11-slim
#4 DONE 0.6s

#5 [internal] load .dockerignore
#5 transferring context: 2B done
#5 DONE 0.0s

#6 [internal] load build context
#6 transferring context: 51.97kB done
#6 DONE 0.0s

#7 [ 1/10] FROM docker.io/library/python:3.11-slim@sha256:e031123e3d85762b141ad1cbc56452ba69c6e722ebf2f042cc0dc86c47c0d8b3
#7 resolve docker.io/library/python:3.11-slim@sha256:e031123e3d85762b141ad1cbc56452ba69c6e722ebf2f042cc0dc86c47c0d8b3 0.0s done
#7 DONE 0.0s

#8 [ 4/10] COPY requirements.txt ./
#8 CACHED

#9 [ 2/10] RUN apt-get update && apt-get install -y --no-install-recommends         ffmpeg libgl1 libglib2.0-0 git     && rm -rf /var/lib/apt/lists/*
#9 CACHED

#10 [ 5/10] RUN pip install --no-cache-dir -r requirements.txt
#10 CACHED

#11 [ 6/10] RUN pip install --no-cache-dir --index-url https://download.pytorch.org/whl/cu128 torch==2.11.0
#11 CACHED

#12 [ 3/10] WORKDIR /app
#12 CACHED

#13 [ 7/10] RUN apt-get update && apt-get install -y --no-install-recommends         build-essential ninja-build     && rm -rf /var/lib/apt/lists/*
#13 CACHED

#14 [ 8/10] RUN if [ "1" = "1" ]; then       (pip install --no-cache-dir openmim         && mim install "mmengine>=0.10" "mmcv>=2.1.0,<2.3.0" "mmdet>=3.2.0"         && pip install --no-cache-dir "mmpose>=1.3.0"         && pip install --no-cache-dir cython         && pip install --no-cache-dir --force-reinstall --no-build-isolation              --no-binary=xtcocotools xtcocotools         && pip install --no-cache-dir "setuptools<81"         && python -c "from mmpose.apis import MMPoseInferencer"         && echo "MMPose OK")       || echo "WARNING: MMPose build failed — falling back to Keypoint R-CNN";     fi
#14 0.743 Collecting openmim
#14 0.885   Downloading openmim-0.3.9-py2.py3-none-any.whl.metadata (16 kB)
#14 0.898 Requirement already satisfied: Click in /usr/local/lib/python3.11/site-packages (from openmim) (8.4.2)
#14 0.939 Collecting colorama (from openmim)
#14 0.974   Downloading colorama-0.4.6-py2.py3-none-any.whl.metadata (17 kB)
#14 1.084 Collecting model-index (from openmim)
#14 1.121   Downloading model_index-0.1.11-py3-none-any.whl.metadata (3.9 kB)
#14 1.224 Collecting opendatalab (from openmim)
#14 1.255   Downloading opendatalab-0.0.10-py3-none-any.whl.metadata (6.4 kB)
#14 1.262 Requirement already satisfied: pandas in /usr/local/lib/python3.11/site-packages (from openmim) (3.0.3)
#14 1.263 Requirement already satisfied: pip>=19.3 in /usr/local/lib/python3.11/site-packages (from openmim) (24.0)
#14 1.319 Collecting requests (from openmim)
#14 1.354   Downloading requests-2.34.2-py3-none-any.whl.metadata (4.8 kB)
#14 1.427 Collecting rich (from openmim)
#14 1.463   Downloading rich-15.0.0-py3-none-any.whl.metadata (18 kB)
#14 1.511 Collecting tabulate (from openmim)
#14 1.541   Downloading tabulate-0.10.0-py3-none-any.whl.metadata (40 kB)
#14 1.560      ━━━━━━━━━━━━━━━━━━━━━━━━━━━━━━━━━━━━━━━━ 40.8/40.8 kB 2.8 MB/s eta 0:00:00
#14 1.565 Requirement already satisfied: pyyaml in /usr/local/lib/python3.11/site-packages (from model-index->openmim) (6.0.3)
#14 1.607 Collecting markdown (from model-index->openmim)
#14 1.637   Downloading markdown-3.10.2-py3-none-any.whl.metadata (5.1 kB)
#14 1.675 Collecting ordered-set (from model-index->openmim)
#14 1.709   Downloading ordered_set-4.1.0-py3-none-any.whl.metadata (5.3 kB)
#14 1.820 Collecting pycryptodome (from opendatalab->openmim)
#14 1.852   Downloading pycryptodome-3.23.0-cp37-abi3-manylinux_2_17_x86_64.manylinux2014_x86_64.whl.metadata (3.4 kB)
#14 1.909 Collecting tqdm (from opendatalab->openmim)
#14 1.946   Downloading tqdm-4.68.4-py3-none-any.whl.metadata (57 kB)
#14 1.957      ━━━━━━━━━━━━━━━━━━━━━━━━━━━━━━━━━━━━━━━━ 57.4/57.4 kB 6.2 MB/s eta 0:00:00
#14 2.093 Collecting openxlab (from opendatalab->openmim)
#14 2.124   Downloading openxlab-0.1.3-py3-none-any.whl.metadata (3.8 kB)
#14 2.226 Collecting charset_normalizer<4,>=2 (from requests->openmim)
#14 2.258   Downloading charset_normalizer-3.4.9-cp311-cp311-manylinux2014_x86_64.manylinux_2_17_x86_64.manylinux_2_28_x86_64.whl.metadata (41 kB)
#14 2.262      ━━━━━━━━━━━━━━━━━━━━━━━━━━━━━━━━━━━━━━━━ 41.7/41.7 kB 16.4 MB/s eta 0:00:00
#14 2.265 Requirement already satisfied: idna<4,>=2.5 in /usr/local/lib/python3.11/site-packages (from requests->openmim) (3.18)
#14 2.334 Collecting urllib3<3,>=1.26 (from requests->openmim)
#14 2.369   Downloading urllib3-2.7.0-py3-none-any.whl.metadata (6.9 kB)
#14 2.415 Collecting certifi>=2023.5.7 (from requests->openmim)
#14 2.448   Downloading certifi-2026.6.17-py3-none-any.whl.metadata (2.5 kB)
#14 2.474 Requirement already satisfied: numpy>=1.26.0 in /usr/local/lib/python3.11/site-packages (from pandas->openmim) (2.4.6)
#14 2.474 Requirement already satisfied: python-dateutil>=2.8.2 in /usr/local/lib/python3.11/site-packages (from pandas->openmim) (2.9.0.post0)
#14 2.519 Collecting markdown-it-py>=2.2.0 (from rich->openmim)
#14 2.555   Downloading markdown_it_py-4.2.0-py3-none-any.whl.metadata (7.4 kB)
#14 2.603 Collecting pygments<3.0.0,>=2.13.0 (from rich->openmim)
#14 2.638   Downloading pygments-2.20.0-py3-none-any.whl.metadata (2.5 kB)
#14 2.686 Collecting mdurl~=0.1 (from markdown-it-py>=2.2.0->rich->openmim)
#14 2.718   Downloading mdurl-0.1.2-py3-none-any.whl.metadata (1.6 kB)
#14 2.723 Requirement already satisfied: six>=1.5 in /usr/local/lib/python3.11/site-packages (from python-dateutil>=2.8.2->pandas->openmim) (1.17.0)
#14 2.783 Collecting filelock~=3.14.0 (from openxlab->opendatalab->openmim)
#14 2.822   Downloading filelock-3.14.0-py3-none-any.whl.metadata (2.8 kB)
#14 2.861 Collecting oss2~=2.17.0 (from openxlab->opendatalab->openmim)
#14 2.894   Downloading oss2-2.17.0.tar.gz (259 kB)
#14 2.938      ━━━━━━━━━━━━━━━━━━━━━━━━━━━━━━━━━━━━━━━ 259.5/259.5 kB 6.0 MB/s eta 0:00:00
#14 2.953   Preparing metadata (setup.py): started
#14 3.187   Preparing metadata (setup.py): finished with status 'done'
#14 3.233 Collecting packaging~=24.0 (from openxlab->opendatalab->openmim)
#14 3.265   Downloading packaging-24.2-py3-none-any.whl.metadata (3.2 kB)
#14 3.324 Collecting pytz~=2023.3 (from openxlab->opendatalab->openmim)
#14 3.355   Downloading pytz-2023.4-py2.py3-none-any.whl.metadata (22 kB)
#14 3.365 Collecting requests (from openmim)
#14 3.407   Downloading requests-2.28.2-py3-none-any.whl.metadata (4.6 kB)
#14 3.415 Collecting rich (from openmim)
#14 3.446   Downloading rich-13.4.2-py3-none-any.whl.metadata (18 kB)
#14 3.590 Collecting setuptools~=60.2.0 (from openxlab->opendatalab->openmim)
#14 3.624   Downloading setuptools-60.2.0-py3-none-any.whl.metadata (5.1 kB)
#14 3.632 Collecting tqdm (from opendatalab->openmim)
#14 3.664   Downloading tqdm-4.65.2-py3-none-any.whl.metadata (56 kB)
#14 3.669      ━━━━━━━━━━━━━━━━━━━━━━━━━━━━━━━━━━━━━━━━ 57.0/57.0 kB 20.5 MB/s eta 0:00:00
#14 3.680 Collecting urllib3<1.27,>=1.21.1 (from requests->openmim)
#14 3.715   Downloading urllib3-1.26.20-py2.py3-none-any.whl.metadata (50 kB)
#14 3.719      ━━━━━━━━━━━━━━━━━━━━━━━━━━━━━━━━━━━━━━━━ 50.1/50.1 kB 18.2 MB/s eta 0:00:00
#14 3.792 Collecting crcmod>=1.7 (from oss2~=2.17.0->openxlab->opendatalab->openmim)
#14 3.826   Downloading crcmod-1.7.tar.gz (89 kB)
#14 3.831      ━━━━━━━━━━━━━━━━━━━━━━━━━━━━━━━━━━━━━━━━ 89.7/89.7 kB 17.6 MB/s eta 0:00:00
#14 3.838   Preparing metadata (setup.py): started
#14 3.940   Preparing metadata (setup.py): finished with status 'done'
#14 3.979 Collecting aliyun-python-sdk-kms>=2.4.1 (from oss2~=2.17.0->openxlab->opendatalab->openmim)
#14 4.015   Downloading aliyun_python_sdk_kms-2.16.5-py2.py3-none-any.whl.metadata (1.5 kB)
#14 4.075 Collecting aliyun-python-sdk-core>=2.13.12 (from oss2~=2.17.0->openxlab->opendatalab->openmim)
#14 4.106   Downloading aliyun-python-sdk-core-2.16.0.tar.gz (449 kB)
#14 4.152      ━━━━━━━━━━━━━━━━━━━━━━━━━━━━━━━━━━━━━━ 449.6/449.6 kB 10.2 MB/s eta 0:00:00
#14 4.178   Preparing metadata (setup.py): started
#14 4.266   Preparing metadata (setup.py): finished with status 'done'
#14 4.326 Collecting jmespath<1.0.0,>=0.9.3 (from aliyun-python-sdk-core>=2.13.12->oss2~=2.17.0->openxlab->opendatalab->openmim)
#14 4.357   Downloading jmespath-0.10.0-py2.py3-none-any.whl.metadata (8.0 kB)
#14 4.523 Collecting cryptography>=3.0.0 (from aliyun-python-sdk-core>=2.13.12->oss2~=2.17.0->openxlab->opendatalab->openmim)
#14 4.554   Downloading cryptography-49.0.0-cp311-abi3-manylinux_2_34_x86_64.whl.metadata (4.3 kB)
#14 4.675 Collecting cffi>=2.0.0 (from cryptography>=3.0.0->aliyun-python-sdk-core>=2.13.12->oss2~=2.17.0->openxlab->opendatalab->openmim)
#14 4.706   Downloading cffi-2.1.0-cp311-cp311-manylinux2014_x86_64.manylinux_2_17_x86_64.whl.metadata (2.5 kB)
#14 4.750 Collecting pycparser (from cffi>=2.0.0->cryptography>=3.0.0->aliyun-python-sdk-core>=2.13.12->oss2~=2.17.0->openxlab->opendatalab->openmim)
#14 4.784   Downloading pycparser-3.0-py3-none-any.whl.metadata (8.2 kB)
#14 4.825 Downloading openmim-0.3.9-py2.py3-none-any.whl (52 kB)
#14 4.829    ━━━━━━━━━━━━━━━━━━━━━━━━━━━━━━━━━━━━━━━━ 52.7/52.7 kB 18.5 MB/s eta 0:00:00
#14 4.862 Downloading colorama-0.4.6-py2.py3-none-any.whl (25 kB)
#14 4.894 Downloading model_index-0.1.11-py3-none-any.whl (34 kB)
#14 4.929 Downloading opendatalab-0.0.10-py3-none-any.whl (29 kB)
#14 4.966 Downloading tabulate-0.10.0-py3-none-any.whl (39 kB)
#14 5.003 Downloading certifi-2026.6.17-py3-none-any.whl (133 kB)
#14 5.012    ━━━━━━━━━━━━━━━━━━━━━━━━━━━━━━━━━━━━━━━━ 133.3/133.3 kB 19.5 MB/s eta 0:00:00
#14 5.043 Downloading charset_normalizer-3.4.9-cp311-cp311-manylinux2014_x86_64.manylinux_2_17_x86_64.manylinux_2_28_x86_64.whl (221 kB)
#14 5.057    ━━━━━━━━━━━━━━━━━━━━━━━━━━━━━━━━━━━━━━━━ 221.3/221.3 kB 18.0 MB/s eta 0:00:00
#14 5.088 Downloading markdown_it_py-4.2.0-py3-none-any.whl (91 kB)
#14 5.094    ━━━━━━━━━━━━━━━━━━━━━━━━━━━━━━━━━━━━━━━━ 91.7/91.7 kB 20.2 MB/s eta 0:00:00
#14 5.127 Downloading pygments-2.20.0-py3-none-any.whl (1.2 MB)
#14 5.207    ━━━━━━━━━━━━━━━━━━━━━━━━━━━━━━━━━━━━━━━━ 1.2/1.2 MB 15.7 MB/s eta 0:00:00
#14 5.244 Downloading markdown-3.10.2-py3-none-any.whl (108 kB)
#14 5.255    ━━━━━━━━━━━━━━━━━━━━━━━━━━━━━━━━━━━━━━━━ 108.2/108.2 kB 12.6 MB/s eta 0:00:00
#14 5.289 Downloading openxlab-0.1.3-py3-none-any.whl (314 kB)
#14 5.311    ━━━━━━━━━━━━━━━━━━━━━━━━━━━━━━━━━━━━━━━━ 314.5/314.5 kB 17.3 MB/s eta 0:00:00
#14 5.340 Downloading requests-2.28.2-py3-none-any.whl (62 kB)
#14 5.344    ━━━━━━━━━━━━━━━━━━━━━━━━━━━━━━━━━━━━━━━━ 62.8/62.8 kB 25.5 MB/s eta 0:00:00
#14 5.380 Downloading rich-13.4.2-py3-none-any.whl (239 kB)
#14 5.394    ━━━━━━━━━━━━━━━━━━━━━━━━━━━━━━━━━━━━━━━━ 239.4/239.4 kB 17.1 MB/s eta 0:00:00
#14 5.428 Downloading tqdm-4.65.2-py3-none-any.whl (77 kB)
#14 5.434    ━━━━━━━━━━━━━━━━━━━━━━━━━━━━━━━━━━━━━━━━ 77.1/77.1 kB 18.1 MB/s eta 0:00:00
#14 5.466 Downloading urllib3-1.26.20-py2.py3-none-any.whl (144 kB)
#14 5.476    ━━━━━━━━━━━━━━━━━━━━━━━━━━━━━━━━━━━━━━━━ 144.2/144.2 kB 19.4 MB/s eta 0:00:00
#14 5.509 Downloading ordered_set-4.1.0-py3-none-any.whl (7.6 kB)
#14 5.552 Downloading pycryptodome-3.23.0-cp37-abi3-manylinux_2_17_x86_64.manylinux2014_x86_64.whl (2.3 MB)
#14 5.707    ━━━━━━━━━━━━━━━━━━━━━━━━━━━━━━━━━━━━━━━━ 2.3/2.3 MB 14.7 MB/s eta 0:00:00
#14 5.743 Downloading filelock-3.14.0-py3-none-any.whl (12 kB)
#14 5.778 Downloading mdurl-0.1.2-py3-none-any.whl (10.0 kB)
#14 5.812 Downloading packaging-24.2-py3-none-any.whl (65 kB)
#14 5.817    ━━━━━━━━━━━━━━━━━━━━━━━━━━━━━━━━━━━━━━━━ 65.5/65.5 kB 15.9 MB/s eta 0:00:00
#14 5.851 Downloading pytz-2023.4-py2.py3-none-any.whl (506 kB)
#14 5.880    ━━━━━━━━━━━━━━━━━━━━━━━━━━━━━━━━━━━━━━━━ 506.5/506.5 kB 17.9 MB/s eta 0:00:00
#14 5.915 Downloading setuptools-60.2.0-py3-none-any.whl (953 kB)
#14 5.979    ━━━━━━━━━━━━━━━━━━━━━━━━━━━━━━━━━━━━━━━━ 953.1/953.1 kB 15.4 MB/s eta 0:00:00
#14 6.021 Downloading aliyun_python_sdk_kms-2.16.5-py2.py3-none-any.whl (99 kB)
#14 6.027    ━━━━━━━━━━━━━━━━━━━━━━━━━━━━━━━━━━━━━━━━ 99.5/99.5 kB 19.0 MB/s eta 0:00:00
#14 6.059 Downloading cryptography-49.0.0-cp311-abi3-manylinux_2_34_x86_64.whl (4.7 MB)
#14 6.375    ━━━━━━━━━━━━━━━━━━━━━━━━━━━━━━━━━━━━━━━━ 4.7/4.7 MB 15.1 MB/s eta 0:00:00
#14 6.407 Downloading jmespath-0.10.0-py2.py3-none-any.whl (24 kB)
#14 6.443 Downloading cffi-2.1.0-cp311-cp311-manylinux2014_x86_64.manylinux_2_17_x86_64.whl (217 kB)
#14 6.458    ━━━━━━━━━━━━━━━━━━━━━━━━━━━━━━━━━━━━━━━━ 217.9/217.9 kB 15.9 MB/s eta 0:00:00
#14 6.492 Downloading pycparser-3.0-py3-none-any.whl (48 kB)
#14 6.495    ━━━━━━━━━━━━━━━━━━━━━━━━━━━━━━━━━━━━━━━━ 48.2/48.2 kB 22.9 MB/s eta 0:00:00
#14 6.513 Building wheels for collected packages: oss2, aliyun-python-sdk-core, crcmod
#14 6.514   Building wheel for oss2 (setup.py): started
#14 6.654   Building wheel for oss2 (setup.py): finished with status 'done'
#14 6.654   Created wheel for oss2: filename=oss2-2.17.0-py3-none-any.whl size=112466 sha256=1a5025572a04c254fc545e5efc380d7e8cf9d9a512fc2e75f5ce91e821e25005
#14 6.654   Stored in directory: /tmp/pip-ephem-wheel-cache-uudgejbx/wheels/42/79/aa/3671e313c27de35211d345d7a9d8ccb7dde515cf05edba75df
#14 6.656   Building wheel for aliyun-python-sdk-core (setup.py): started
#14 6.834   Building wheel for aliyun-python-sdk-core (setup.py): finished with status 'done'
#14 6.835   Created wheel for aliyun-python-sdk-core: filename=aliyun_python_sdk_core-2.16.0-py3-none-any.whl size=535418 sha256=9411a3ad073bc2b4f9871696fb476a7b0b5636d71d6041b42d377227387c6b57
#14 6.835   Stored in directory: /tmp/pip-ephem-wheel-cache-uudgejbx/wheels/2b/9a/95/60f111d2a488c5f7f7ed2a96ce407ea57ec7393ddfdec8c956
#14 6.837   Building wheel for crcmod (setup.py): started
#14 7.133   Building wheel for crcmod (setup.py): finished with status 'done'
#14 7.133   Created wheel for crcmod: filename=crcmod-1.7-cp311-cp311-linux_x86_64.whl size=31040 sha256=b3664348dd58bb57df274df7bc1b93751ab01280d5b36cf6fa9335d89cc3ee23
#14 7.133   Stored in directory: /tmp/pip-ephem-wheel-cache-uudgejbx/wheels/23/94/7a/8cb7d14597e6395ce969933f01aed9ea8fa5f5b4d4c8a61e99
#14 7.134 Successfully built oss2 aliyun-python-sdk-core crcmod
#14 7.417 Installing collected packages: pytz, crcmod, urllib3, tqdm, tabulate, setuptools, pygments, pycryptodome, pycparser, packaging, ordered-set, mdurl, markdown, jmespath, filelock, colorama, charset_normalizer, certifi, requests, model-index, markdown-it-py, cffi, rich, cryptography, aliyun-python-sdk-core, aliyun-python-sdk-kms, oss2, openxlab, opendatalab, openmim
#14 7.541   Attempting uninstall: setuptools
#14 7.543     Found existing installation: setuptools 79.0.1
#14 7.557     Uninstalling setuptools-79.0.1:
#14 8.164       Successfully uninstalled setuptools-79.0.1
#14 8.827   Attempting uninstall: packaging
#14 8.829     Found existing installation: packaging 26.2
#14 8.831     Uninstalling packaging-26.2:
#14 8.837       Successfully uninstalled packaging-26.2
#14 8.916   Attempting uninstall: filelock
#14 8.922     Found existing installation: filelock 3.29.0
#14 8.924     Uninstalling filelock-3.29.0:
#14 8.934       Successfully uninstalled filelock-3.29.0
#14 9.579 Successfully installed aliyun-python-sdk-core-2.16.0 aliyun-python-sdk-kms-2.16.5 certifi-2026.6.17 cffi-2.1.0 charset_normalizer-3.4.9 colorama-0.4.6 crcmod-1.7 cryptography-49.0.0 filelock-3.14.0 jmespath-0.10.0 markdown-3.10.2 markdown-it-py-4.2.0 mdurl-0.1.2 model-index-0.1.11 opendatalab-0.0.10 openmim-0.3.9 openxlab-0.1.3 ordered-set-4.1.0 oss2-2.17.0 packaging-24.2 pycparser-3.0 pycryptodome-3.23.0 pygments-2.20.0 pytz-2023.4 requests-2.28.2 rich-13.4.2 setuptools-60.2.0 tabulate-0.10.0 tqdm-4.65.2 urllib3-1.26.20
#14 9.579 WARNING: Running pip as the 'root' user can result in broken permissions and conflicting behaviour with the system package manager. It is recommended to use a virtual environment instead: https://pip.pypa.io/warnings/venv
#14 9.725 
#14 9.725 [notice] A new release of pip is available: 24.0 -> 26.1.2
#14 9.725 [notice] To update, run: pip install --upgrade pip
#14 12.02 Looking in links: https://download.openmmlab.com/mmcv/dist/cu128/torch2.11.0/index.html
#14 13.44 Collecting mmengine>=0.10
#14 13.56   Downloading mmengine-0.10.7-py3-none-any.whl.metadata (20 kB)
#14 14.45 Collecting mmcv<2.3.0,>=2.1.0
#14 14.51   Downloading mmcv-2.2.0.tar.gz (479 kB)
#14 14.62      ━━━━━━━━━━━━━━━━━━━━━━━━━━━━━━━━━━━━━━━ 479.1/479.1 kB 4.3 MB/s eta 0:00:00
#14 14.66   Preparing metadata (setup.py): started
#14 16.33   Preparing metadata (setup.py): finished with status 'done'
#14 17.04 Collecting mmdet>=3.2.0
#14 17.07   Downloading mmdet-3.3.0-py3-none-any.whl.metadata (29 kB)
#14 17.19 Collecting addict (from mmengine>=0.10)
#14 17.22   Downloading addict-2.4.0-py3-none-any.whl.metadata (1.0 kB)
#14 17.23 Requirement already satisfied: matplotlib in /usr/local/lib/python3.11/site-packages (from mmengine>=0.10) (3.11.0)
#14 17.24 Requirement already satisfied: numpy in /usr/local/lib/python3.11/site-packages (from mmengine>=0.10) (2.4.6)
#14 17.24 Requirement already satisfied: pyyaml in /usr/local/lib/python3.11/site-packages (from mmengine>=0.10) (6.0.3)
#14 17.24 Requirement already satisfied: rich in /usr/local/lib/python3.11/site-packages (from mmengine>=0.10) (13.4.2)
#14 17.34 Collecting termcolor (from mmengine>=0.10)
#14 17.38   Downloading termcolor-3.3.0-py3-none-any.whl.metadata (6.5 kB)
#14 18.02 Collecting yapf (from mmengine>=0.10)
#14 18.05   Downloading yapf-0.43.0-py3-none-any.whl.metadata (46 kB)
#14 18.06      ━━━━━━━━━━━━━━━━━━━━━━━━━━━━━━━━━━━━━━━━ 46.8/46.8 kB 5.0 MB/s eta 0:00:00
#14 18.28 Collecting opencv-python>=3 (from mmengine>=0.10)
#14 18.31   Downloading opencv_python-5.0.0.93-cp37-abi3-manylinux_2_28_x86_64.whl.metadata (19 kB)
#14 18.32 Requirement already satisfied: packaging in /usr/local/lib/python3.11/site-packages (from mmcv<2.3.0,>=2.1.0) (24.2)
#14 18.32 Requirement already satisfied: Pillow in /usr/local/lib/python3.11/site-packages (from mmcv<2.3.0,>=2.1.0) (12.3.0)
#14 19.00 Collecting pycocotools (from mmdet>=3.2.0)
#14 19.03   Downloading pycocotools-2.0.11-cp311-cp311-manylinux2014_x86_64.manylinux_2_17_x86_64.manylinux_2_28_x86_64.whl.metadata (1.3 kB)
#14 19.04 Requirement already satisfied: scipy in /usr/local/lib/python3.11/site-packages (from mmdet>=3.2.0) (1.17.1)
#14 19.26 Collecting shapely (from mmdet>=3.2.0)
#14 19.29   Downloading shapely-2.1.2-cp311-cp311-manylinux2014_x86_64.manylinux_2_17_x86_64.whl.metadata (6.8 kB)
#14 19.29 Requirement already satisfied: six in /usr/local/lib/python3.11/site-packages (from mmdet>=3.2.0) (1.17.0)
#14 19.39 Collecting terminaltables (from mmdet>=3.2.0)
#14 19.43   Downloading terminaltables-3.1.10-py2.py3-none-any.whl.metadata (3.5 kB)
#14 19.43 Requirement already satisfied: tqdm in /usr/local/lib/python3.11/site-packages (from mmdet>=3.2.0) (4.65.2)
#14 19.44 Collecting mmcv<2.3.0,>=2.1.0
#14 19.50   Downloading mmcv-2.1.0.tar.gz (471 kB)
#14 19.54      ━━━━━━━━━━━━━━━━━━━━━━━━━━━━━━━━━━━━━━ 471.4/471.4 kB 14.1 MB/s eta 0:00:00
#14 19.57   Preparing metadata (setup.py): started
#14 20.71   Preparing metadata (setup.py): finished with status 'done'
#14 20.72 Requirement already satisfied: contourpy>=1.0.1 in /usr/local/lib/python3.11/site-packages (from matplotlib->mmengine>=0.10) (1.3.3)
#14 20.72 Requirement already satisfied: cycler>=0.10 in /usr/local/lib/python3.11/site-packages (from matplotlib->mmengine>=0.10) (0.12.1)
#14 20.72 Requirement already satisfied: fonttools>=4.22.0 in /usr/local/lib/python3.11/site-packages (from matplotlib->mmengine>=0.10) (4.63.0)
#14 20.72 Requirement already satisfied: kiwisolver>=1.3.1 in /usr/local/lib/python3.11/site-packages (from matplotlib->mmengine>=0.10) (1.5.0)
#14 20.72 Requirement already satisfied: pyparsing>=3 in /usr/local/lib/python3.11/site-packages (from matplotlib->mmengine>=0.10) (3.3.2)
#14 20.72 Requirement already satisfied: python-dateutil>=2.7 in /usr/local/lib/python3.11/site-packages (from matplotlib->mmengine>=0.10) (2.9.0.post0)
#14 20.74 Requirement already satisfied: markdown-it-py>=2.2.0 in /usr/local/lib/python3.11/site-packages (from rich->mmengine>=0.10) (4.2.0)
#14 20.74 Requirement already satisfied: pygments<3.0.0,>=2.13.0 in /usr/local/lib/python3.11/site-packages (from rich->mmengine>=0.10) (2.20.0)
#14 21.44 Collecting platformdirs>=3.5.1 (from yapf->mmengine>=0.10)
#14 21.47   Downloading platformdirs-4.10.0-py3-none-any.whl.metadata (5.5 kB)
#14 21.50 Requirement already satisfied: mdurl~=0.1 in /usr/local/lib/python3.11/site-packages (from markdown-it-py>=2.2.0->rich->mmengine>=0.10) (0.1.2)
#14 21.54 Downloading mmengine-0.10.7-py3-none-any.whl (452 kB)
#14 21.58    ━━━━━━━━━━━━━━━━━━━━━━━━━━━━━━━━━━━━━━━━ 452.7/452.7 kB 13.8 MB/s eta 0:00:00
#14 21.62 Downloading mmdet-3.3.0-py3-none-any.whl (2.2 MB)
#14 21.79    ━━━━━━━━━━━━━━━━━━━━━━━━━━━━━━━━━━━━━━━━ 2.2/2.2 MB 13.4 MB/s eta 0:00:00
#14 21.82 Downloading opencv_python-5.0.0.93-cp37-abi3-manylinux_2_28_x86_64.whl (73.8 MB)
#14 26.34    ━━━━━━━━━━━━━━━━━━━━━━━━━━━━━━━━━━━━━━━━ 73.8/73.8 MB 15.6 MB/s eta 0:00:00
#14 26.37 Downloading addict-2.4.0-py3-none-any.whl (3.8 kB)
#14 26.42 Downloading pycocotools-2.0.11-cp311-cp311-manylinux2014_x86_64.manylinux_2_17_x86_64.manylinux_2_28_x86_64.whl (493 kB)
#14 26.45    ━━━━━━━━━━━━━━━━━━━━━━━━━━━━━━━━━━━━━━━━ 493.2/493.2 kB 14.8 MB/s eta 0:00:00
#14 26.48 Downloading shapely-2.1.2-cp311-cp311-manylinux2014_x86_64.manylinux_2_17_x86_64.whl (3.1 MB)
#14 26.71    ━━━━━━━━━━━━━━━━━━━━━━━━━━━━━━━━━━━━━━━━ 3.1/3.1 MB 13.9 MB/s eta 0:00:00
#14 26.74 Downloading termcolor-3.3.0-py3-none-any.whl (7.7 kB)
#14 26.78 Downloading terminaltables-3.1.10-py2.py3-none-any.whl (15 kB)
#14 26.82 Downloading yapf-0.43.0-py3-none-any.whl (256 kB)
#14 26.84    ━━━━━━━━━━━━━━━━━━━━━━━━━━━━━━━━━━━━━━━━ 256.2/256.2 kB 12.5 MB/s eta 0:00:00
#14 26.88 Downloading platformdirs-4.10.0-py3-none-any.whl (22 kB)
#14 26.93 Building wheels for collected packages: mmcv
#14 26.93   Building wheel for mmcv (setup.py): started
#14 88.22   Building wheel for mmcv (setup.py): still running...
#14 149.3   Building wheel for mmcv (setup.py): still running...
#14 182.1   Building wheel for mmcv (setup.py): finished with status 'done'
#14 182.1   Created wheel for mmcv: filename=mmcv-2.1.0-cp311-cp311-linux_x86_64.whl size=32692161 sha256=83351ad7d781cafeb2530105c48189e81305773f6cf90ff736a08ab04b178ce7
#14 182.1   Stored in directory: /root/.cache/pip/wheels/57/22/96/9bcbfeaa838c1b705a4b2ac082539767fbcc79fa07ec01abcd
#14 182.1 Successfully built mmcv
#14 182.4 Installing collected packages: addict, terminaltables, termcolor, shapely, pycocotools, platformdirs, opencv-python, yapf, mmengine, mmcv, mmdet
#14 184.5 Successfully installed addict-2.4.0 mmcv-2.1.0 mmdet-3.3.0 mmengine-0.10.7 opencv-python-5.0.0.93 platformdirs-4.10.0 pycocotools-2.0.11 shapely-2.1.2 termcolor-3.3.0 terminaltables-3.1.10 yapf-0.43.0
#14 184.5 WARNING: Running pip as the 'root' user can result in broken permissions and conflicting behaviour with the system package manager. It is recommended to use a virtual environment instead: https://pip.pypa.io/warnings/venv
#14 185.6 
#14 185.6 [notice] A new release of pip is available: 24.0 -> 26.1.2
#14 185.6 [notice] To update, run: pip install --upgrade pip
#14 186.4 Collecting mmpose>=1.3.0
#14 186.5   Downloading mmpose-1.3.2-py2.py3-none-any.whl.metadata (29 kB)
#14 186.5 Collecting chumpy (from mmpose>=1.3.0)
#14 186.6   Downloading chumpy-0.70.tar.gz (50 kB)
#14 186.6      ━━━━━━━━━━━━━━━━━━━━━━━━━━━━━━━━━━━━━━━━ 50.6/50.6 kB 4.5 MB/s eta 0:00:00
#14 186.6   Preparing metadata (setup.py): started
#14 186.8   Preparing metadata (setup.py): finished with status 'done'
#14 186.8 Collecting json-tricks (from mmpose>=1.3.0)
#14 186.9   Downloading json_tricks-3.17.3-py2.py3-none-any.whl.metadata (16 kB)
#14 186.9 Requirement already satisfied: matplotlib in /usr/local/lib/python3.11/site-packages (from mmpose>=1.3.0) (3.11.0)
#14 186.9 Collecting munkres (from mmpose>=1.3.0)
#14 186.9   Downloading munkres-1.1.4-py2.py3-none-any.whl.metadata (980 bytes)
#14 186.9 Requirement already satisfied: numpy in /usr/local/lib/python3.11/site-packages (from mmpose>=1.3.0) (2.4.6)
#14 186.9 Requirement already satisfied: opencv-python in /usr/local/lib/python3.11/site-packages (from mmpose>=1.3.0) (5.0.0.93)
#14 186.9 Requirement already satisfied: pillow in /usr/local/lib/python3.11/site-packages (from mmpose>=1.3.0) (12.3.0)
#14 186.9 Requirement already satisfied: scipy in /usr/local/lib/python3.11/site-packages (from mmpose>=1.3.0) (1.17.1)
#14 187.0 Collecting torchvision (from mmpose>=1.3.0)
#14 187.1   Downloading torchvision-0.28.0-cp311-cp311-manylinux_2_28_x86_64.whl.metadata (5.6 kB)
#14 187.1 Collecting xtcocotools>=1.12 (from mmpose>=1.3.0)
#14 187.1   Downloading xtcocotools-1.14.3-cp311-cp311-manylinux1_x86_64.whl.metadata (364 bytes)
#14 187.1 Requirement already satisfied: setuptools>=18.0 in /usr/local/lib/python3.11/site-packages (from xtcocotools>=1.12->mmpose>=1.3.0) (60.2.0)
#14 187.4 Collecting cython>=0.27.3 (from xtcocotools>=1.12->mmpose>=1.3.0)
#14 187.4   Downloading cython-3.2.8-cp311-cp311-manylinux2014_x86_64.manylinux_2_17_x86_64.manylinux_2_28_x86_64.whl.metadata (4.2 kB)
#14 187.4 Requirement already satisfied: contourpy>=1.0.1 in /usr/local/lib/python3.11/site-packages (from matplotlib->mmpose>=1.3.0) (1.3.3)
#14 187.4 Requirement already satisfied: cycler>=0.10 in /usr/local/lib/python3.11/site-packages (from matplotlib->mmpose>=1.3.0) (0.12.1)
#14 187.4 Requirement already satisfied: fonttools>=4.22.0 in /usr/local/lib/python3.11/site-packages (from matplotlib->mmpose>=1.3.0) (4.63.0)
#14 187.4 Requirement already satisfied: kiwisolver>=1.3.1 in /usr/local/lib/python3.11/site-packages (from matplotlib->mmpose>=1.3.0) (1.5.0)
#14 187.4 Requirement already satisfied: packaging>=20.0 in /usr/local/lib/python3.11/site-packages (from matplotlib->mmpose>=1.3.0) (24.2)
#14 187.4 Requirement already satisfied: pyparsing>=3 in /usr/local/lib/python3.11/site-packages (from matplotlib->mmpose>=1.3.0) (3.3.2)
#14 187.4 Requirement already satisfied: python-dateutil>=2.7 in /usr/local/lib/python3.11/site-packages (from matplotlib->mmpose>=1.3.0) (2.9.0.post0)
#14 187.4 Requirement already satisfied: six>=1.11.0 in /usr/local/lib/python3.11/site-packages (from chumpy->mmpose>=1.3.0) (1.17.0)
#14 187.5 Collecting torch==2.13.0 (from torchvision->mmpose>=1.3.0)
#14 187.5   Downloading torch-2.13.0-cp311-cp311-manylinux_2_28_x86_64.whl.metadata (38 kB)
#14 187.6 Requirement already satisfied: filelock in /usr/local/lib/python3.11/site-packages (from torch==2.13.0->torchvision->mmpose>=1.3.0) (3.14.0)
#14 187.6 Requirement already satisfied: typing-extensions>=4.10.0 in /usr/local/lib/python3.11/site-packages (from torch==2.13.0->torchvision->mmpose>=1.3.0) (4.16.0)
#14 187.7 Collecting setuptools>=18.0 (from xtcocotools>=1.12->mmpose>=1.3.0)
#14 187.7   Downloading setuptools-83.0.0-py3-none-any.whl.metadata (6.6 kB)
#14 187.7 Requirement already satisfied: sympy>=1.13.3 in /usr/local/lib/python3.11/site-packages (from torch==2.13.0->torchvision->mmpose>=1.3.0) (1.14.0)
#14 187.7 Requirement already satisfied: networkx>=2.5.1 in /usr/local/lib/python3.11/site-packages (from torch==2.13.0->torchvision->mmpose>=1.3.0) (3.6.1)
#14 187.7 Requirement already satisfied: jinja2 in /usr/local/lib/python3.11/site-packages (from torch==2.13.0->torchvision->mmpose>=1.3.0) (3.1.6)
#14 187.7 Requirement already satisfied: fsspec>=0.8.5 in /usr/local/lib/python3.11/site-packages (from torch==2.13.0->torchvision->mmpose>=1.3.0) (2026.4.0)
#14 187.7 Collecting cuda-toolkit==13.0.3 (from cuda-toolkit[cublas,cudart,cufft,cufile,cupti,curand,cusolver,cusparse,nvjitlink,nvrtc,nvtx]==13.0.3; platform_system == "Linux"->torch==2.13.0->torchvision->mmpose>=1.3.0)
#14 187.8   Downloading cuda_toolkit-13.0.3.0-py2.py3-none-any.whl.metadata (17 kB)
#14 187.8 Collecting cuda-bindings<14,>=13.0.3 (from torch==2.13.0->torchvision->mmpose>=1.3.0)
#14 187.9   Downloading cuda_bindings-13.3.1-cp311-cp311-manylinux_2_24_x86_64.manylinux_2_28_x86_64.whl.metadata (2.5 kB)
#14 187.9 Collecting nvidia-cudnn-cu13==9.20.0.48 (from torch==2.13.0->torchvision->mmpose>=1.3.0)
#14 187.9   Downloading nvidia_cudnn_cu13-9.20.0.48-py3-none-manylinux_2_27_x86_64.whl.metadata (1.9 kB)
#14 188.0 Collecting nvidia-cusparselt-cu13==0.8.1 (from torch==2.13.0->torchvision->mmpose>=1.3.0)
#14 188.0   Downloading nvidia_cusparselt_cu13-0.8.1-py3-none-manylinux2014_x86_64.whl.metadata (12 kB)
#14 188.1 Collecting nvidia-nccl-cu13==2.29.7 (from torch==2.13.0->torchvision->mmpose>=1.3.0)
#14 188.1   Downloading nvidia_nccl_cu13-2.29.7-py3-none-manylinux_2_18_x86_64.whl.metadata (2.1 kB)
#14 188.1 Collecting nvidia-nvshmem-cu13==3.4.5 (from torch==2.13.0->torchvision->mmpose>=1.3.0)
#14 188.2   Downloading nvidia_nvshmem_cu13-3.4.5-py3-none-manylinux2014_x86_64.manylinux_2_17_x86_64.whl.metadata (2.1 kB)
#14 188.2 Collecting triton==3.7.1 (from torch==2.13.0->torchvision->mmpose>=1.3.0)
#14 188.2   Downloading triton-3.7.1-cp311-cp311-manylinux_2_27_x86_64.manylinux_2_28_x86_64.whl.metadata (1.7 kB)
#14 188.4 Collecting nvidia-cublas==13.1.1.3.* (from cuda-toolkit[cublas,cudart,cufft,cufile,cupti,curand,cusolver,cusparse,nvjitlink,nvrtc,nvtx]==13.0.3; platform_system == "Linux"->torch==2.13.0->torchvision->mmpose>=1.3.0)
#14 188.5   Downloading nvidia_cublas-13.1.1.3-py3-none-manylinux_2_27_x86_64.whl.metadata (1.8 kB)
#14 188.5 Collecting nvidia-cuda-nvrtc==13.0.88.* (from cuda-toolkit[cublas,cudart,cufft,cufile,cupti,curand,cusolver,cusparse,nvjitlink,nvrtc,nvtx]==13.0.3; platform_system == "Linux"->torch==2.13.0->torchvision->mmpose>=1.3.0)
#14 188.5   Downloading nvidia_cuda_nvrtc-13.0.88-py3-none-manylinux2010_x86_64.manylinux_2_12_x86_64.whl.metadata (1.7 kB)
#14 188.6 Collecting nvidia-cuda-runtime==13.0.96.* (from cuda-toolkit[cublas,cudart,cufft,cufile,cupti,curand,cusolver,cusparse,nvjitlink,nvrtc,nvtx]==13.0.3; platform_system == "Linux"->torch==2.13.0->torchvision->mmpose>=1.3.0)
#14 188.6   Downloading nvidia_cuda_runtime-13.0.96-py3-none-manylinux2014_x86_64.manylinux_2_17_x86_64.whl.metadata (1.7 kB)
#14 188.7 Collecting nvidia-cufft==12.0.0.61.* (from cuda-toolkit[cublas,cudart,cufft,cufile,cupti,curand,cusolver,cusparse,nvjitlink,nvrtc,nvtx]==13.0.3; platform_system == "Linux"->torch==2.13.0->torchvision->mmpose>=1.3.0)
#14 188.7   Downloading nvidia_cufft-12.0.0.61-py3-none-manylinux2014_x86_64.manylinux_2_17_x86_64.whl.metadata (1.8 kB)
#14 188.7 Collecting nvidia-nvjitlink<14,>=13.0.88 (from cuda-toolkit[cublas,cudart,cufft,cufile,cupti,curand,cusolver,cusparse,nvjitlink,nvrtc,nvtx]==13.0.3; platform_system == "Linux"->torch==2.13.0->torchvision->mmpose>=1.3.0)
#14 188.8   Downloading nvidia_nvjitlink-13.3.33-py3-none-manylinux2010_x86_64.manylinux_2_12_x86_64.whl.metadata (1.8 kB)
#14 188.8 Collecting nvidia-cufile==1.15.1.6.* (from cuda-toolkit[cublas,cudart,cufft,cufile,cupti,curand,cusolver,cusparse,nvjitlink,nvrtc,nvtx]==13.0.3; platform_system == "Linux"->torch==2.13.0->torchvision->mmpose>=1.3.0)
#14 188.8   Downloading nvidia_cufile-1.15.1.6-py3-none-manylinux2014_x86_64.manylinux_2_17_x86_64.whl.metadata (1.7 kB)
#14 188.9 Collecting nvidia-cuda-cupti==13.0.85.* (from cuda-toolkit[cublas,cudart,cufft,cufile,cupti,curand,cusolver,cusparse,nvjitlink,nvrtc,nvtx]==13.0.3; platform_system == "Linux"->torch==2.13.0->torchvision->mmpose>=1.3.0)
#14 188.9   Downloading nvidia_cuda_cupti-13.0.85-py3-none-manylinux_2_25_x86_64.whl.metadata (1.7 kB)
#14 189.0 Collecting nvidia-curand==10.4.0.35.* (from cuda-toolkit[cublas,cudart,cufft,cufile,cupti,curand,cusolver,cusparse,nvjitlink,nvrtc,nvtx]==13.0.3; platform_system == "Linux"->torch==2.13.0->torchvision->mmpose>=1.3.0)
#14 189.0   Downloading nvidia_curand-10.4.0.35-py3-none-manylinux_2_27_x86_64.whl.metadata (1.7 kB)
#14 189.0 Collecting nvidia-cusolver==12.0.4.66.* (from cuda-toolkit[cublas,cudart,cufft,cufile,cupti,curand,cusolver,cusparse,nvjitlink,nvrtc,nvtx]==13.0.3; platform_system == "Linux"->torch==2.13.0->torchvision->mmpose>=1.3.0)
#14 189.1   Downloading nvidia_cusolver-12.0.4.66-py3-none-manylinux_2_27_x86_64.whl.metadata (1.8 kB)
#14 189.1 Collecting nvidia-cusparse==12.6.3.3.* (from cuda-toolkit[cublas,cudart,cufft,cufile,cupti,curand,cusolver,cusparse,nvjitlink,nvrtc,nvtx]==13.0.3; platform_system == "Linux"->torch==2.13.0->torchvision->mmpose>=1.3.0)
#14 189.1   Downloading nvidia_cusparse-12.6.3.3-py3-none-manylinux2014_x86_64.manylinux_2_17_x86_64.whl.metadata (1.8 kB)
#14 189.2 Collecting nvidia-nvtx==13.0.85.* (from cuda-toolkit[cublas,cudart,cufft,cufile,cupti,curand,cusolver,cusparse,nvjitlink,nvrtc,nvtx]==13.0.3; platform_system == "Linux"->torch==2.13.0->torchvision->mmpose>=1.3.0)
#14 189.2   Downloading nvidia_nvtx-13.0.85-py3-none-manylinux1_x86_64.manylinux_2_5_x86_64.whl.metadata (1.8 kB)
#14 189.3 Collecting cuda-pathfinder>=1.4.2 (from cuda-bindings<14,>=13.0.3->torch==2.13.0->torchvision->mmpose>=1.3.0)
#14 189.3   Downloading cuda_pathfinder-1.5.6-py3-none-any.whl.metadata (1.9 kB)
#14 189.4 Requirement already satisfied: mpmath<1.4,>=1.1.0 in /usr/local/lib/python3.11/site-packages (from sympy>=1.13.3->torch==2.13.0->torchvision->mmpose>=1.3.0) (1.3.0)
#14 189.4 Requirement already satisfied: MarkupSafe>=2.0 in /usr/local/lib/python3.11/site-packages (from jinja2->torch==2.13.0->torchvision->mmpose>=1.3.0) (3.0.3)
#14 189.4 Downloading mmpose-1.3.2-py2.py3-none-any.whl (1.7 MB)
#14 189.6    ━━━━━━━━━━━━━━━━━━━━━━━━━━━━━━━━━━━━━━━━ 1.7/1.7 MB 9.6 MB/s eta 0:00:00
#14 189.7 Downloading xtcocotools-1.14.3-cp311-cp311-manylinux1_x86_64.whl (464 kB)
#14 189.7    ━━━━━━━━━━━━━━━━━━━━━━━━━━━━━━━━━━━━━━━━ 464.4/464.4 kB 16.1 MB/s eta 0:00:00
#14 189.7 Downloading json_tricks-3.17.3-py2.py3-none-any.whl (27 kB)
#14 189.8 Downloading munkres-1.1.4-py2.py3-none-any.whl (7.0 kB)
#14 189.9 Downloading torchvision-0.28.0-cp311-cp311-manylinux_2_28_x86_64.whl (7.7 MB)
#14 190.4    ━━━━━━━━━━━━━━━━━━━━━━━━━━━━━━━━━━━━━━━━ 7.7/7.7 MB 14.3 MB/s eta 0:00:00
#14 190.5 Downloading torch-2.13.0-cp311-cp311-manylinux_2_28_x86_64.whl (526.6 MB)
#14 223.1    ━━━━━━━━━━━━━━━━━━━━━━━━━━━━━━━━━━━━━━━━ 526.6/526.6 MB 16.3 MB/s eta 0:00:00
#14 223.2 Downloading cuda_toolkit-13.0.3.0-py2.py3-none-any.whl (2.5 kB)
#14 223.2 Downloading nvidia_cudnn_cu13-9.20.0.48-py3-none-manylinux_2_27_x86_64.whl (366.2 MB)
#14 245.6    ━━━━━━━━━━━━━━━━━━━━━━━━━━━━━━━━━━━━━━━━ 366.2/366.2 MB 16.2 MB/s eta 0:00:00
#14 245.6 Downloading nvidia_cusparselt_cu13-0.8.1-py3-none-manylinux2014_x86_64.whl (170.1 MB)
#14 256.1    ━━━━━━━━━━━━━━━━━━━━━━━━━━━━━━━━━━━━━━━━ 170.1/170.1 MB 17.2 MB/s eta 0:00:00
#14 256.1 Downloading nvidia_nccl_cu13-2.29.7-py3-none-manylinux_2_18_x86_64.whl (206.0 MB)
#14 269.0    ━━━━━━━━━━━━━━━━━━━━━━━━━━━━━━━━━━━━━━━━ 206.0/206.0 MB 15.7 MB/s eta 0:00:00
#14 269.0 Downloading nvidia_nvshmem_cu13-3.4.5-py3-none-manylinux2014_x86_64.manylinux_2_17_x86_64.whl (60.4 MB)
#14 273.0    ━━━━━━━━━━━━━━━━━━━━━━━━━━━━━━━━━━━━━━━━ 60.4/60.4 MB 14.5 MB/s eta 0:00:00
#14 273.1 Downloading triton-3.7.1-cp311-cp311-manylinux_2_27_x86_64.manylinux_2_28_x86_64.whl (197.7 MB)
#14 285.5    ━━━━━━━━━━━━━━━━━━━━━━━━━━━━━━━━━━━━━━━━ 197.7/197.7 MB 16.9 MB/s eta 0:00:00
#14 285.5 Downloading nvidia_cublas-13.1.1.3-py3-none-manylinux_2_27_x86_64.whl (423.1 MB)
#14 311.6    ━━━━━━━━━━━━━━━━━━━━━━━━━━━━━━━━━━━━━━━━ 423.1/423.1 MB 16.4 MB/s eta 0:00:00
#14 311.6 Downloading nvidia_cuda_cupti-13.0.85-py3-none-manylinux_2_25_x86_64.whl (10.7 MB)
#14 312.4    ━━━━━━━━━━━━━━━━━━━━━━━━━━━━━━━━━━━━━━━━ 10.7/10.7 MB 14.8 MB/s eta 0:00:00
#14 312.4 Downloading nvidia_cuda_nvrtc-13.0.88-py3-none-manylinux2010_x86_64.manylinux_2_12_x86_64.whl (90.2 MB)
#14 318.0    ━━━━━━━━━━━━━━━━━━━━━━━━━━━━━━━━━━━━━━━━ 90.2/90.2 MB 16.8 MB/s eta 0:00:00
#14 318.1 Downloading nvidia_cuda_runtime-13.0.96-py3-none-manylinux2014_x86_64.manylinux_2_17_x86_64.whl (2.2 MB)
#14 318.2    ━━━━━━━━━━━━━━━━━━━━━━━━━━━━━━━━━━━━━━━━ 2.2/2.2 MB 16.6 MB/s eta 0:00:00
#14 318.2 Downloading nvidia_cufft-12.0.0.61-py3-none-manylinux2014_x86_64.manylinux_2_17_x86_64.whl (214.1 MB)
#14 332.4    ━━━━━━━━━━━━━━━━━━━━━━━━━━━━━━━━━━━━━━━━ 214.1/214.1 MB 15.3 MB/s eta 0:00:00
#14 332.4 Downloading nvidia_cufile-1.15.1.6-py3-none-manylinux2014_x86_64.manylinux_2_17_x86_64.whl (1.2 MB)
#14 332.5    ━━━━━━━━━━━━━━━━━━━━━━━━━━━━━━━━━━━━━━━━ 1.2/1.2 MB 15.6 MB/s eta 0:00:00
#14 332.5 Downloading nvidia_curand-10.4.0.35-py3-none-manylinux_2_27_x86_64.whl (59.5 MB)
#14 336.3    ━━━━━━━━━━━━━━━━━━━━━━━━━━━━━━━━━━━━━━━━ 59.5/59.5 MB 16.5 MB/s eta 0:00:00
#14 336.3 Downloading nvidia_cusolver-12.0.4.66-py3-none-manylinux_2_27_x86_64.whl (200.9 MB)
#14 348.8    ━━━━━━━━━━━━━━━━━━━━━━━━━━━━━━━━━━━━━━━━ 200.9/200.9 MB 16.2 MB/s eta 0:00:00
#14 348.8 Downloading nvidia_cusparse-12.6.3.3-py3-none-manylinux2014_x86_64.manylinux_2_17_x86_64.whl (145.9 MB)
#14 357.9    ━━━━━━━━━━━━━━━━━━━━━━━━━━━━━━━━━━━━━━━━ 145.9/145.9 MB 16.1 MB/s eta 0:00:00
#14 357.9 Downloading nvidia_nvtx-13.0.85-py3-none-manylinux1_x86_64.manylinux_2_5_x86_64.whl (148 kB)
#14 357.9    ━━━━━━━━━━━━━━━━━━━━━━━━━━━━━━━━━━━━━━━━ 148.0/148.0 kB 16.8 MB/s eta 0:00:00
#14 358.0 Downloading cython-3.2.8-cp311-cp311-manylinux2014_x86_64.manylinux_2_17_x86_64.manylinux_2_28_x86_64.whl (3.5 MB)
#14 358.2    ━━━━━━━━━━━━━━━━━━━━━━━━━━━━━━━━━━━━━━━━ 3.5/3.5 MB 14.3 MB/s eta 0:00:00
#14 358.3 Downloading setuptools-83.0.0-py3-none-any.whl (1.0 MB)
#14 358.3    ━━━━━━━━━━━━━━━━━━━━━━━━━━━━━━━━━━━━━━━━ 1.0/1.0 MB 14.2 MB/s eta 0:00:00
#14 358.4 Downloading cuda_bindings-13.3.1-cp311-cp311-manylinux_2_24_x86_64.manylinux_2_28_x86_64.whl (6.7 MB)
#14 358.8    ━━━━━━━━━━━━━━━━━━━━━━━━━━━━━━━━━━━━━━━━ 6.7/6.7 MB 15.2 MB/s eta 0:00:00
#14 358.8 Downloading cuda_pathfinder-1.5.6-py3-none-any.whl (52 kB)
#14 358.8    ━━━━━━━━━━━━━━━━━━━━━━━━━━━━━━━━━━━━━━━━ 53.0/53.0 kB 20.4 MB/s eta 0:00:00
#14 358.9 Downloading nvidia_nvjitlink-13.3.33-py3-none-manylinux2010_x86_64.manylinux_2_12_x86_64.whl (40.7 MB)
#14 361.5    ━━━━━━━━━━━━━━━━━━━━━━━━━━━━━━━━━━━━━━━━ 40.7/40.7 MB 16.0 MB/s eta 0:00:00
#14 362.8 Building wheels for collected packages: chumpy
#14 362.8   Building wheel for chumpy (setup.py): started
#14 363.0   Building wheel for chumpy (setup.py): finished with status 'done'
#14 363.0   Created wheel for chumpy: filename=chumpy-0.70-py3-none-any.whl size=58280 sha256=cafbd34111107769205b9866ec14d82639398cec744ce54a890735b155812cd8
#14 363.0   Stored in directory: /tmp/pip-ephem-wheel-cache-xcczesta/wheels/91/96/31/3e16aa7084783b2e57a81bb9a7fa3598d32445a964b1692259
#14 363.0 Successfully built chumpy
#14 363.5 Installing collected packages: nvidia-cusparselt-cu13, munkres, json-tricks, cuda-toolkit, triton, setuptools, nvidia-nvtx, nvidia-nvshmem-cu13, nvidia-nvjitlink, nvidia-nccl-cu13, nvidia-curand, nvidia-cufile, nvidia-cuda-runtime, nvidia-cuda-nvrtc, nvidia-cuda-cupti, cython, cuda-pathfinder, nvidia-cusparse, nvidia-cufft, nvidia-cublas, cuda-bindings, chumpy, xtcocotools, nvidia-cusolver, nvidia-cudnn-cu13, torch, torchvision, mmpose
#14 364.0   Attempting uninstall: cuda-toolkit
#14 364.0     Found existing installation: cuda-toolkit 12.8.1
#14 364.0     Uninstalling cuda-toolkit-12.8.1:
#14 364.0       Successfully uninstalled cuda-toolkit-12.8.1
#14 364.1   Attempting uninstall: triton
#14 364.1     Found existing installation: triton 3.6.0
#14 364.1     Uninstalling triton-3.6.0:
#14 364.7       Successfully uninstalled triton-3.6.0
#14 367.0   Attempting uninstall: setuptools
#14 367.0     Found existing installation: setuptools 60.2.0
#14 367.0     Uninstalling setuptools-60.2.0:
#14 367.1       Successfully uninstalled setuptools-60.2.0
#14 370.2   Attempting uninstall: cuda-pathfinder
#14 370.2     Found existing installation: cuda-pathfinder 1.2.2
#14 370.2     Uninstalling cuda-pathfinder-1.2.2:
#14 370.2       Successfully uninstalled cuda-pathfinder-1.2.2
#14 373.2   Attempting uninstall: cuda-bindings
#14 373.2     Found existing installation: cuda-bindings 12.9.4
#14 373.2     Uninstalling cuda-bindings-12.9.4:
#14 373.5       Successfully uninstalled cuda-bindings-12.9.4
#14 375.2   Attempting uninstall: torch
#14 375.2     Found existing installation: torch 2.11.0+cu128
#14 375.4     Uninstalling torch-2.11.0+cu128:
#14 379.1       Successfully uninstalled torch-2.11.0+cu128
#14 387.6 ERROR: pip's dependency resolver does not currently take into account all the packages that are installed. This behaviour is the source of the following dependency conflicts.
#14 387.6 openxlab 0.1.3 requires setuptools~=60.2.0, but you have setuptools 83.0.0 which is incompatible.
#14 387.6 WARNING: Running pip as the 'root' user can result in broken permissions and conflicting behaviour with the system package manager. It is recommended to use a virtual environment instead: https://pip.pypa.io/warnings/venv
#14 387.6 Successfully installed chumpy-0.70 cuda-bindings-13.3.1 cuda-pathfinder-1.5.6 cuda-toolkit-13.0.3.0 cython-3.2.8 json-tricks-3.17.3 mmpose-1.3.2 munkres-1.1.4 nvidia-cublas-13.1.1.3 nvidia-cuda-cupti-13.0.85 nvidia-cuda-nvrtc-13.0.88 nvidia-cuda-runtime-13.0.96 nvidia-cudnn-cu13-9.20.0.48 nvidia-cufft-12.0.0.61 nvidia-cufile-1.15.1.6 nvidia-curand-10.4.0.35 nvidia-cusolver-12.0.4.66 nvidia-cusparse-12.6.3.3 nvidia-cusparselt-cu13-0.8.1 nvidia-nccl-cu13-2.29.7 nvidia-nvjitlink-13.3.33 nvidia-nvshmem-cu13-3.4.5 nvidia-nvtx-13.0.85 setuptools-83.0.0 torch-2.13.0 torchvision-0.28.0 triton-3.7.1 xtcocotools-1.14.3
#14 387.8 
#14 387.8 [notice] A new release of pip is available: 24.0 -> 26.1.2
#14 387.8 [notice] To update, run: pip install --upgrade pip
#14 388.3 Requirement already satisfied: cython in /usr/local/lib/python3.11/site-packages (3.2.8)
#14 388.8 WARNING: Running pip as the 'root' user can result in broken permissions and conflicting behaviour with the system package manager. It is recommended to use a virtual environment instead: https://pip.pypa.io/warnings/venv
#14 388.9 
#14 388.9 [notice] A new release of pip is available: 24.0 -> 26.1.2
#14 388.9 [notice] To update, run: pip install --upgrade pip
#14 389.3 Collecting xtcocotools
#14 389.5   Downloading xtcocotools-1.14.3.tar.gz (28 kB)
#14 389.5   Preparing metadata (setup.py): started
#14 389.9   Preparing metadata (setup.py): finished with status 'done'
#14 390.1 Collecting setuptools>=18.0 (from xtcocotools)
#14 390.1   Downloading setuptools-83.0.0-py3-none-any.whl.metadata (6.6 kB)
#14 390.3 Collecting cython>=0.27.3 (from xtcocotools)
#14 390.4   Downloading cython-3.2.8-cp311-cp311-manylinux2014_x86_64.manylinux_2_17_x86_64.manylinux_2_28_x86_64.whl.metadata (4.2 kB)
#14 390.5 Collecting matplotlib>=2.1.0 (from xtcocotools)
#14 390.5   Downloading matplotlib-3.11.0-cp311-cp311-manylinux2014_x86_64.manylinux_2_17_x86_64.whl.metadata (80 kB)
#14 390.6      ━━━━━━━━━━━━━━━━━━━━━━━━━━━━━━━━━━━━━━━━ 80.3/80.3 kB 2.7 MB/s eta 0:00:00
#14 390.8 Collecting numpy>=1.20.0 (from xtcocotools)
#14 390.8   Downloading numpy-2.4.6-cp311-cp311-manylinux_2_27_x86_64.manylinux_2_28_x86_64.whl.metadata (6.6 kB)
#14 390.9 Collecting contourpy>=1.0.1 (from matplotlib>=2.1.0->xtcocotools)
#14 390.9   Downloading contourpy-1.3.3-cp311-cp311-manylinux_2_27_x86_64.manylinux_2_28_x86_64.whl.metadata (5.5 kB)
#14 390.9 Collecting cycler>=0.10 (from matplotlib>=2.1.0->xtcocotools)
#14 391.0   Downloading cycler-0.12.1-py3-none-any.whl.metadata (3.8 kB)
#14 391.2 Collecting fonttools>=4.22.0 (from matplotlib>=2.1.0->xtcocotools)
#14 391.2   Downloading fonttools-4.63.0-cp311-cp311-manylinux2014_x86_64.manylinux_2_17_x86_64.whl.metadata (118 kB)
#14 391.2      ━━━━━━━━━━━━━━━━━━━━━━━━━━━━━━━━━━━━━━━ 118.7/118.7 kB 8.9 MB/s eta 0:00:00
#14 391.3 Collecting kiwisolver>=1.3.1 (from matplotlib>=2.1.0->xtcocotools)
#14 391.3   Downloading kiwisolver-1.5.0-cp311-cp311-manylinux2014_x86_64.manylinux_2_17_x86_64.whl.metadata (5.1 kB)
#14 391.4 Collecting packaging>=20.0 (from matplotlib>=2.1.0->xtcocotools)
#14 391.4   Downloading packaging-26.2-py3-none-any.whl.metadata (3.5 kB)
#14 391.6 Collecting pillow>=9 (from matplotlib>=2.1.0->xtcocotools)
#14 391.6   Downloading pillow-12.3.0-cp311-cp311-manylinux_2_27_x86_64.manylinux_2_28_x86_64.whl.metadata (9.1 kB)
#14 391.7 Collecting pyparsing>=3 (from matplotlib>=2.1.0->xtcocotools)
#14 391.7   Downloading pyparsing-3.3.2-py3-none-any.whl.metadata (5.8 kB)
#14 391.7 Collecting python-dateutil>=2.7 (from matplotlib>=2.1.0->xtcocotools)
#14 391.8   Downloading python_dateutil-2.9.0.post0-py2.py3-none-any.whl.metadata (8.4 kB)
#14 391.9 Collecting six>=1.5 (from python-dateutil>=2.7->matplotlib>=2.1.0->xtcocotools)
#14 391.9   Downloading six-1.17.0-py2.py3-none-any.whl.metadata (1.7 kB)
#14 392.0 Downloading cython-3.2.8-cp311-cp311-manylinux2014_x86_64.manylinux_2_17_x86_64.manylinux_2_28_x86_64.whl (3.5 MB)
#14 392.2    ━━━━━━━━━━━━━━━━━━━━━━━━━━━━━━━━━━━━━━━━ 3.5/3.5 MB 13.4 MB/s eta 0:00:00
#14 392.3 Downloading matplotlib-3.11.0-cp311-cp311-manylinux2014_x86_64.manylinux_2_17_x86_64.whl (10.0 MB)
#14 392.9    ━━━━━━━━━━━━━━━━━━━━━━━━━━━━━━━━━━━━━━━━ 10.0/10.0 MB 15.5 MB/s eta 0:00:00
#14 393.0 Downloading numpy-2.4.6-cp311-cp311-manylinux_2_27_x86_64.manylinux_2_28_x86_64.whl (16.9 MB)
#14 394.1    ━━━━━━━━━━━━━━━━━━━━━━━━━━━━━━━━━━━━━━━━ 16.9/16.9 MB 15.2 MB/s eta 0:00:00
#14 394.1 Downloading setuptools-83.0.0-py3-none-any.whl (1.0 MB)
#14 394.2    ━━━━━━━━━━━━━━━━━━━━━━━━━━━━━━━━━━━━━━━━ 1.0/1.0 MB 16.9 MB/s eta 0:00:00
#14 394.2 Downloading contourpy-1.3.3-cp311-cp311-manylinux_2_27_x86_64.manylinux_2_28_x86_64.whl (355 kB)
#14 394.2    ━━━━━━━━━━━━━━━━━━━━━━━━━━━━━━━━━━━━━━━━ 355.2/355.2 kB 16.0 MB/s eta 0:00:00
#14 394.2 Downloading cycler-0.12.1-py3-none-any.whl (8.3 kB)
#14 394.3 Downloading fonttools-4.63.0-cp311-cp311-manylinux2014_x86_64.manylinux_2_17_x86_64.whl (5.1 MB)
#14 394.6    ━━━━━━━━━━━━━━━━━━━━━━━━━━━━━━━━━━━━━━━━ 5.1/5.1 MB 14.5 MB/s eta 0:00:00
#14 394.7 Downloading kiwisolver-1.5.0-cp311-cp311-manylinux2014_x86_64.manylinux_2_17_x86_64.whl (1.4 MB)
#14 394.8    ━━━━━━━━━━━━━━━━━━━━━━━━━━━━━━━━━━━━━━━━ 1.4/1.4 MB 14.7 MB/s eta 0:00:00
#14 394.8 Downloading packaging-26.2-py3-none-any.whl (100 kB)
#14 394.8    ━━━━━━━━━━━━━━━━━━━━━━━━━━━━━━━━━━━━━━━━ 100.2/100.2 kB 17.2 MB/s eta 0:00:00
#14 394.9 Downloading pillow-12.3.0-cp311-cp311-manylinux_2_27_x86_64.manylinux_2_28_x86_64.whl (6.9 MB)
#14 395.3    ━━━━━━━━━━━━━━━━━━━━━━━━━━━━━━━━━━━━━━━━ 6.9/6.9 MB 14.8 MB/s eta 0:00:00
#14 395.4 Downloading pyparsing-3.3.2-py3-none-any.whl (122 kB)
#14 395.4    ━━━━━━━━━━━━━━━━━━━━━━━━━━━━━━━━━━━━━━━━ 122.8/122.8 kB 51.6 MB/s eta 0:00:00
#14 395.4 Downloading python_dateutil-2.9.0.post0-py2.py3-none-any.whl (229 kB)
#14 395.4    ━━━━━━━━━━━━━━━━━━━━━━━━━━━━━━━━━━━━━━━━ 229.9/229.9 kB 14.0 MB/s eta 0:00:00
#14 395.5 Downloading six-1.17.0-py2.py3-none-any.whl (11 kB)
#14 395.5 Building wheels for collected packages: xtcocotools
#14 395.5   Building wheel for xtcocotools (setup.py): started
#14 400.0   Building wheel for xtcocotools (setup.py): finished with status 'done'
#14 400.0   Created wheel for xtcocotools: filename=xtcocotools-1.14.3-cp311-cp311-linux_x86_64.whl size=512627 sha256=4a671f6f3e8685b7a8bac1fa8a139ba4787b8a7f3279cafd6a26ba57bd838528
#14 400.0   Stored in directory: /tmp/pip-ephem-wheel-cache-7wa615y9/wheels/0a/b4/66/c7347be0bedcc66760e2666a67981414b54e3c4e43fea5d845
#14 400.0 Successfully built xtcocotools
#14 400.5 Installing collected packages: six, setuptools, pyparsing, pillow, packaging, numpy, kiwisolver, fonttools, cython, cycler, python-dateutil, contourpy, matplotlib, xtcocotools
#14 400.5   Attempting uninstall: six
#14 400.5     Found existing installation: six 1.17.0
#14 400.5     Uninstalling six-1.17.0:
#14 400.6       Successfully uninstalled six-1.17.0
#14 400.6   Attempting uninstall: setuptools
#14 400.6     Found existing installation: setuptools 83.0.0
#14 400.6     Uninstalling setuptools-83.0.0:
#14 400.7       Successfully uninstalled setuptools-83.0.0
#14 401.0   Attempting uninstall: pyparsing
#14 401.1     Found existing installation: pyparsing 3.3.2
#14 401.1     Uninstalling pyparsing-3.3.2:
#14 401.1       Successfully uninstalled pyparsing-3.3.2
#14 401.1   Attempting uninstall: pillow
#14 401.1     Found existing installation: pillow 12.3.0
#14 401.1     Uninstalling pillow-12.3.0:
#14 401.2       Successfully uninstalled pillow-12.3.0
#14 401.4   Attempting uninstall: packaging
#14 401.4     Found existing installation: packaging 24.2
#14 401.4     Uninstalling packaging-24.2:
#14 401.4       Successfully uninstalled packaging-24.2
#14 401.5   Attempting uninstall: numpy
#14 401.5     Found existing installation: numpy 2.4.6
#14 401.5     Uninstalling numpy-2.4.6:
#14 401.9       Successfully uninstalled numpy-2.4.6
#14 403.1   Attempting uninstall: kiwisolver
#14 403.1     Found existing installation: kiwisolver 1.5.0
#14 403.1     Uninstalling kiwisolver-1.5.0:
#14 403.1       Successfully uninstalled kiwisolver-1.5.0
#14 403.1   Attempting uninstall: fonttools
#14 403.2     Found existing installation: fonttools 4.63.0
#14 403.2     Uninstalling fonttools-4.63.0:
#14 403.4       Successfully uninstalled fonttools-4.63.0
#14 403.9   Attempting uninstall: cython
#14 403.9     Found existing installation: Cython 3.2.8
#14 403.9     Uninstalling Cython-3.2.8:
#14 404.0       Successfully uninstalled Cython-3.2.8
#14 404.4   Attempting uninstall: cycler
#14 404.4     Found existing installation: cycler 0.12.1
#14 404.4     Uninstalling cycler-0.12.1:
#14 404.4       Successfully uninstalled cycler-0.12.1
#14 404.4   Attempting uninstall: python-dateutil
#14 404.5     Found existing installation: python-dateutil 2.9.0.post0
#14 404.5     Uninstalling python-dateutil-2.9.0.post0:
#14 404.5       Successfully uninstalled python-dateutil-2.9.0.post0
#14 404.5   Attempting uninstall: contourpy
#14 404.5     Found existing installation: contourpy 1.3.3
#14 404.5     Uninstalling contourpy-1.3.3:
#14 404.5       Successfully uninstalled contourpy-1.3.3
#14 404.6   Attempting uninstall: matplotlib
#14 404.6     Found existing installation: matplotlib 3.11.0
#14 404.6     Uninstalling matplotlib-3.11.0:
#14 405.0       Successfully uninstalled matplotlib-3.11.0
#14 405.9   Attempting uninstall: xtcocotools
#14 405.9     Found existing installation: xtcocotools 1.14.3
#14 405.9     Uninstalling xtcocotools-1.14.3:
#14 405.9       Successfully uninstalled xtcocotools-1.14.3
#14 406.0 ERROR: pip's dependency resolver does not currently take into account all the packages that are installed. This behaviour is the source of the following dependency conflicts.
#14 406.0 openxlab 0.1.3 requires packaging~=24.0, but you have packaging 26.2 which is incompatible.
#14 406.0 openxlab 0.1.3 requires setuptools~=60.2.0, but you have setuptools 83.0.0 which is incompatible.
#14 406.0 Successfully installed contourpy-1.3.3 cycler-0.12.1 cython-3.2.8 fonttools-4.63.0 kiwisolver-1.5.0 matplotlib-3.11.0 numpy-2.4.6 packaging-26.2 pillow-12.3.0 pyparsing-3.3.2 python-dateutil-2.9.0.post0 setuptools-83.0.0 six-1.17.0 xtcocotools-1.14.3
#14 406.0 WARNING: Running pip as the 'root' user can result in broken permissions and conflicting behaviour with the system package manager. It is recommended to use a virtual environment instead: https://pip.pypa.io/warnings/venv
#14 406.2 
#14 406.2 [notice] A new release of pip is available: 24.0 -> 26.1.2
#14 406.2 [notice] To update, run: pip install --upgrade pip
#14 407.0 Collecting setuptools<81
#14 407.1   Downloading setuptools-80.10.2-py3-none-any.whl.metadata (6.6 kB)
#14 407.1 Downloading setuptools-80.10.2-py3-none-any.whl (1.1 MB)
#14 407.3    ━━━━━━━━━━━━━━━━━━━━━━━━━━━━━━━━━━━━━━━━ 1.1/1.1 MB 7.5 MB/s eta 0:00:00
#14 407.7 Installing collected packages: setuptools
#14 407.7   Attempting uninstall: setuptools
#14 407.7     Found existing installation: setuptools 83.0.0
#14 407.7     Uninstalling setuptools-83.0.0:
#14 407.8       Successfully uninstalled setuptools-83.0.0
#14 408.2 ERROR: pip's dependency resolver does not currently take into account all the packages that are installed. This behaviour is the source of the following dependency conflicts.
#14 408.2 openxlab 0.1.3 requires packaging~=24.0, but you have packaging 26.2 which is incompatible.
#14 408.2 openxlab 0.1.3 requires setuptools~=60.2.0, but you have setuptools 80.10.2 which is incompatible.
#14 408.2 Successfully installed setuptools-80.10.2
#14 408.2 WARNING: Running pip as the 'root' user can result in broken permissions and conflicting behaviour with the system package manager. It is recommended to use a virtual environment instead: https://pip.pypa.io/warnings/venv
#14 408.4 
#14 408.4 [notice] A new release of pip is available: 24.0 -> 26.1.2
#14 408.4 [notice] To update, run: pip install --upgrade pip
#14 411.4 /usr/local/lib/python3.11/site-packages/mmengine/utils/package_utils.py:48: UserWarning: pkg_resources is deprecated as an API. See https://setuptools.pypa.io/en/latest/pkg_resources.html. The pkg_resources package is slated for removal as early as 2025-11-30. Refrain from using this package or pin to Setuptools<81.
#14 411.4   from pkg_resources import DistributionNotFound, get_distribution
#14 412.8 MMPose OK
#14 DONE 413.0s

#15 [ 9/10] COPY pipeline ./pipeline
#15 DONE 0.1s

#16 [10/10] COPY webapp ./webapp
#16 DONE 0.0s

#17 exporting to image
#17 exporting layers
#17 exporting layers 91.6s done
#17 exporting manifest sha256:7136b57a8dcbc313604f50197e0092127befdd946ff0c9f3293fad0a62920a5d 0.0s done
#17 exporting config sha256:7547881c52e41eca9b645cbd85685504431d0f563fecf37ea0828d8b8d3070a5 0.0s done
#17 exporting attestation manifest sha256:1de4bf4f83ff28ef1608eb0994197d7b322e9670e4a063741dbc28df2bad3fa0 0.0s done
#17 exporting manifest list sha256:02671155346187504b0da504422a0e4fc19310c4ea67a9d6f46ed90743ff2b47 0.0s done
#17 naming to docker.io/library/neogma:latest done
#17 unpacking to docker.io/library/neogma:latest
#17 unpacking to docker.io/library/neogma:latest 14.2s done
#17 DONE 105.9s

#18 resolving provenance for metadata file
#18 DONE 0.0s
 Image neogma:latest Built 
 Container neogma-neogma-1 Recreate 
 Container neogma-neogma-1 Recreated 
 Container neogma-neogma-1 Starting 
 Container neogma-neogma-1 Started 
 
==RUNTIME CHECK (fresh container, nothing patched by hand)== 
/usr/local/lib/python3.11/site-packages/mmengine/utils/package_utils.py:48: UserWarning: pkg_resources is deprecated as an API. See https://setuptools.pypa.io/en/latest/pkg_resources.html. The pkg_resources package is slated for removal as early as 2025-11-30. Refrain from using this package or pin to Setuptools<81.
  from pkg_resources import DistributionNotFound, get_distribution
mmpose_available True
backend          vitpose
numpy            2.4.6
setuptools       80.10.2
 
==HEALTH== 
{"ok":true,"device":"cuda","target_fps":30.0,"pose_backend":"vitpose","pose_backend_label":"ViTPose-H","pose_is_fallback":false,"gma_labels":{"fm_present":"Fidgety movements PRESENT (normal)","fm_abnormal":"Fidgety movements ABNORMAL","fm_absent":"Fidgety movements ABSENT (high CP risk)"},"cp_labels":{"no_cp":"No CP at 12-24 months","cp":"Cerebral palsy confirmed"},"model_exists":false} 
==GIT== 
